<?xml version="1.0" encoding="UTF-8"?>
<!-- Generated by org.testng.reporters.JUnitReportReporter -->
<testsuite hostname="LAPTOP-4RAGM6OB" failures="0" tests="2" name="test.LoginTest" time="20.223" errors="0" timestamp="2024-01-17T13:48:08 CST" skipped="0">
  <testcase classname="test.LoginTest" name="validUserShoudBeAbleToLogin" time="15.525"/>
  <system-out/>
  <testcase classname="test.LoginTest" name="validateLoginAlertMsg" time="4.698"/>
  <system-out/>
</testsuite> <!-- test.LoginTest -->
