<?xml version="1.0" encoding="UTF-8"?>
<!-- Generated by org.testng.reporters.JUnitReportReporter -->
<testsuite hostname="LAPTOP-4RAGM6OB" failures="0" tests="1" name="test.AddCustomerTest" time="21.507" errors="0" timestamp="4 Jan 2024 07:34:12 GMT">
  <testcase classname="test.AddCustomerTest" name="userShouldBeAbleToAddNewCustomer" time="21.507"/>
</testsuite> <!-- test.AddCustomerTest -->
